<?xml version="1.0" encoding="UTF-8"?>
<!-- Generated by org.testng.reporters.JUnitXMLReporter -->
<testsuite hostname="SADIST" ignored="5" name="Test" tests="4" failures="0" timestamp="14 Mar 2021 06:35:28 GMT" time="0.095" errors="0">
  <testcase name="tc33" time="0.02" classname="org.test.adactin.Test2"/>
  <testcase name="tc333" time="0.003" classname="org.test.adactin.Test3"/>
  <testcase name="tc1" time="0.004" classname="org.test.adactin.Test1"/>
  <testcase name="tc2" time="0.007" classname="org.test.adactin.Test1"/>
  <testcase name="tc222" time="0.0" classname="org.test.adactin.Test3">
    <ignored/>
  </testcase> <!-- tc222 -->
  <testcase name="tc11" time="0.0" classname="org.test.adactin.Test2">
    <ignored/>
  </testcase> <!-- tc11 -->
  <testcase name="tc22" time="0.0" classname="org.test.adactin.Test2">
    <ignored/>
  </testcase> <!-- tc22 -->
  <testcase name="tc111" time="0.0" classname="org.test.adactin.Test3">
    <ignored/>
  </testcase> <!-- tc111 -->
  <testcase name="tc3" time="0.0" classname="org.test.adactin.Test1">
    <ignored/>
  </testcase> <!-- tc3 -->
</testsuite> <!-- Test -->
