<?xml version="1.0" encoding="UTF-8"?>
<testng-results skipped="0" failed="0" ignored="5" total="9" passed="4">
  <reporter-output>
  </reporter-output>
  <suite name="Suite" duration-ms="95" started-at="2021-03-14T06:35:28Z" finished-at="2021-03-14T06:35:28Z">
    <groups>
      <group name="retesting">
        <method signature="Test1.tc2()[pri:0, instance:org.test.adactin.Test1@61832929]" name="tc2" class="org.test.adactin.Test1"/>
        <method signature="Test2.tc33()[pri:0, instance:org.test.adactin.Test2@523884b2]" name="tc33" class="org.test.adactin.Test2"/>
        <method signature="Test3.tc333()[pri:0, instance:org.test.adactin.Test3@5b275dab]" name="tc333" class="org.test.adactin.Test3"/>
      </group> <!-- retesting -->
      <group name="rerun">
        <method signature="Test1.tc1()[pri:0, instance:org.test.adactin.Test1@61832929]" name="tc1" class="org.test.adactin.Test1"/>
      </group> <!-- rerun -->
    </groups>
    <test name="Test" duration-ms="95" started-at="2021-03-14T06:35:28Z" finished-at="2021-03-14T06:35:28Z">
      <class name="org.test.adactin.Test1">
        <test-method status="PASS" signature="tc1()[pri:0, instance:org.test.adactin.Test1@61832929]" name="tc1" duration-ms="4" started-at="2021-03-14T06:35:28Z" finished-at="2021-03-14T06:35:28Z">
          <reporter-output>
          </reporter-output>
        </test-method> <!-- tc1 -->
        <test-method status="PASS" signature="tc2()[pri:0, instance:org.test.adactin.Test1@61832929]" name="tc2" duration-ms="7" started-at="2021-03-14T06:35:28Z" finished-at="2021-03-14T06:35:28Z">
          <reporter-output>
          </reporter-output>
        </test-method> <!-- tc2 -->
      </class> <!-- org.test.adactin.Test1 -->
      <class name="org.test.adactin.Test2">
        <test-method status="PASS" signature="tc33()[pri:0, instance:org.test.adactin.Test2@523884b2]" name="tc33" duration-ms="20" started-at="2021-03-14T06:35:28Z" finished-at="2021-03-14T06:35:28Z">
          <reporter-output>
          </reporter-output>
        </test-method> <!-- tc33 -->
      </class> <!-- org.test.adactin.Test2 -->
      <class name="org.test.adactin.Test3">
        <test-method status="PASS" signature="tc333()[pri:0, instance:org.test.adactin.Test3@5b275dab]" name="tc333" duration-ms="3" started-at="2021-03-14T06:35:28Z" finished-at="2021-03-14T06:35:28Z">
          <reporter-output>
          </reporter-output>
        </test-method> <!-- tc333 -->
      </class> <!-- org.test.adactin.Test3 -->
    </test> <!-- Test -->
  </suite> <!-- Suite -->
</testng-results>
